2023-04-02 22:22:11.882781 - Initialized conversion of CBT173
2023-04-02 22:22:12.199738 - Received CBT.V504.FILE173.PDS from FILE173.XMI 
2023-04-02 22:22:12.202514 - Found $$$#DATE.txt (text/plain) in CBT.V504.FILE173.PDS, moved to PDS/$$$#DATE
2023-04-02 22:22:12.203664 - Found $CPYRITE.txt (text/plain) in CBT.V504.FILE173.PDS, moved to PDS/$CPYRITE
2023-04-02 22:22:12.204692 - Found $DOC.txt (text/plain) in CBT.V504.FILE173.PDS, moved to PDS/$DOC
2023-04-02 22:22:12.205817 - Found @FILE173.txt (text/plain) in CBT.V504.FILE173.PDS, moved to PDS/@FILE173
2023-04-02 22:22:12.206930 - Found ARITH.txt (text/plain) in CBT.V504.FILE173.PDS, moved to PDS/ARITH
2023-04-02 22:22:12.207860 - Found ASMLINK.jcl (text/plain) in CBT.V504.FILE173.PDS, moved to PDS/ASMLINK
2023-04-02 22:22:12.208841 - Found DSATXA.txt (text/plain) in CBT.V504.FILE173.PDS, moved to PDS/DSATXA
2023-04-02 22:22:12.209794 - Found FINDFMID.txt (text/plain) in CBT.V504.FILE173.PDS, moved to PDS/FINDFMID
2023-04-02 22:22:12.210746 - Found FINDPTF.txt (text/plain) in CBT.V504.FILE173.PDS, moved to PDS/FINDPTF
2023-04-02 22:22:12.211660 - Found HELPAR.txt (text/plain) in CBT.V504.FILE173.PDS, moved to PDS/HELPAR
2023-04-02 22:22:12.212595 - Found HELPDSAT.txt (text/plain) in CBT.V504.FILE173.PDS, moved to PDS/HELPDSAT
2023-04-02 22:22:12.213512 - Found HELPVO.txt (text/plain) in CBT.V504.FILE173.PDS, moved to PDS/HELPVO
2023-04-02 22:22:12.214407 - Found JCLFINDP.jcl (text/plain) in CBT.V504.FILE173.PDS, moved to PDS/JCLFINDP
2023-04-02 22:22:12.215441 - Found JCLFMIDF.jcl (text/plain) in CBT.V504.FILE173.PDS, moved to PDS/JCLFMIDF
2023-04-02 22:22:12.216402 - Found JCLPRTPD.jcl (text/plain) in CBT.V504.FILE173.PDS, moved to PDS/JCLPRTPD
2023-04-02 22:22:12.217343 - Found JCLSMPET.jcl (text/plain) in CBT.V504.FILE173.PDS, moved to PDS/JCLSMPET
2023-04-02 22:22:12.218274 - Found LISTALOC.txt (text/plain) in CBT.V504.FILE173.PDS, moved to PDS/LISTALOC
2023-04-02 22:22:12.219241 - Found LISTLEV.txt (text/plain) in CBT.V504.FILE173.PDS, moved to PDS/LISTLEV
2023-04-02 22:22:12.220239 - Found LISTVTOC.txt (text/plain) in CBT.V504.FILE173.PDS, moved to PDS/LISTVTOC
2023-04-02 22:22:12.221859 - Found MONJOB.txt (text/plain) in CBT.V504.FILE173.PDS, moved to PDS/MONJOB
2023-04-02 22:22:12.222920 - Found POSTIT.txt (text/plain) in CBT.V504.FILE173.PDS, moved to PDS/POSTIT
2023-04-02 22:22:12.223934 - Found PRTPDS.txt (text/plain) in CBT.V504.FILE173.PDS, moved to PDS/PRTPDS
2023-04-02 22:22:12.225079 - Found SHOWVOLS.txt (text/plain) in CBT.V504.FILE173.PDS, moved to PDS/SHOWVOLS
2023-04-02 22:22:12.226089 - Found SMPETOOL.txt (text/plain) in CBT.V504.FILE173.PDS, moved to PDS/SMPETOOL
2023-04-02 22:22:12.227073 - Found STARTREK.txt (text/plain) in CBT.V504.FILE173.PDS, moved to PDS/STARTREK
2023-04-02 22:22:12.228572 - Found TSOCMDR.txt (text/plain) in CBT.V504.FILE173.PDS, moved to PDS/TSOCMDR
2023-04-02 22:22:12.229628 - Found VOPER.txt (text/plain) in CBT.V504.FILE173.PDS, moved to PDS/VOPER
